Arguments: 
  C:\Program Files\nodejs\node.exe C:\Users\aleixce\AppData\Roaming\npm\node_modules\yarn\bin\yarn.js install

PATH: 
  C:\ProgramData\Oracle\Java\javapath;C:\WINDOWS\system32;C:\WINDOWS;C:\WINDOWS\System32\Wbem;C:\WINDOWS\System32\WindowsPowerShell\v1.0\;C:\Program Files\Java\jdk1.8.0_151\bin;%ANDROID_HOME%\tools;%ANDROID_HOME%\platform-tools;C:\Program Files\MongoDB\Server\3.6\bin;C:\Program Files\nodejs\;C:\Program Files\Git\bin;C:\Program Files\Geth;C:\ProgramData\Microsoft\Windows\Start Menu\Programs\Geth;C:\Users\aleixce\node_modules\solc;;C:\WINDOWS\System32\OpenSSH\;C:\Users\aleixce\AppData\Local\Microsoft\WindowsApps;C:\Program Files\nodejs;C:\Users\aleixce\AppData\Roaming\npm;C:\Program Files\apache-maven-3.5.4\bin;;C:\Applications\Atlassian\atlassian-plugin-sdk-6.3.12\bin

Yarn version: 
  1.12.3

Node version: 
  9.4.0

Platform: 
  win32 x64

Trace: 
  SyntaxError: C:\Users\aleixce\Documents\Bruno\proyecto\EA_backend\package.json: Unexpected token } in JSON at position 1028
      at JSON.parse (<anonymous>)
      at C:\Users\aleixce\AppData\Roaming\npm\node_modules\yarn\lib\cli.js:1631:59
      at Generator.next (<anonymous>)
      at step (C:\Users\aleixce\AppData\Roaming\npm\node_modules\yarn\lib\cli.js:304:30)
      at C:\Users\aleixce\AppData\Roaming\npm\node_modules\yarn\lib\cli.js:315:13
      at <anonymous>

npm manifest: 
  {
    "name": "mongo",
    "version": "1.0.0",
    "main": "index.js",
    "license": "MIT",
    "scripts": {
      "ts": "tsc -w",
      "server": "nodemon ./build/index.js",
      "start": "tsc && node ./build/index.js"
    },
    "dependencies": {
      "@lykmapipo/env": "^0.3.2",
      "@types/cors": "^2.8.4",
      "async": "^2.6.1",
      "body-parser": "^1.18.3",
      "compression": "^1.7.3",
      "cors": "^2.8.4",
      "debug": "^4.1.0",
      "express": "^4.16.3",
      "helmet": "^3.13.0",
      "lodash": "^4.17.11",
      "mongoose": "^5.3.12",
      "mongoose-geojson-schema": "^2.1.3",
      "mongoose-geojson-schemas": "^0.8.2",
      "morgan": "^1.9.1",
      "multer": "^1.4.1",
      "nodemon": "^1.18.4",
      "yarn": "^1.12.3"
    },
    "devDependencies": {
      "@types/express": "^4.16.0",
      "@types/mongoose": "^5.2.17",
      "@types/node": "^10.11.3",
      "@types/multer": "^1.3.6",
      "ts-node": "^7.0.1",
      "typescript": "^3.1.1"
    },
    "repository": "https://github.com/Nodet23/EA_backend.git",
    "author": "Barbero95 <barberodavid95@yahoo.es>",
  }

yarn manifest: 
  No manifest

Lockfile: 
  No lockfile
